Copyright 1986-2023 Xilinx, Inc. All Rights Reserved.
--------------------------------------------------------------------------------------
| Tool Version : Vivado v.2022.2.2 (win64) Build 3788238 Tue Feb 21 20:00:34 MST 2023
| Date         : Wed Apr  5 18:21:42 2023
| Host         : RAHUL running 64-bit major release  (build 9200)
| Command      : report_control_sets -verbose -file s_display_control_sets_placed.rpt
| Design       : s_display
| Device       : xc7a35t
--------------------------------------------------------------------------------------

Control Set Information

Table of Contents
-----------------
1. Summary
2. Histogram
3. Flip-Flop Distribution
4. Detailed Control Set Information

1. Summary
----------

+----------------------------------------------------------+-------+
|                          Status                          | Count |
+----------------------------------------------------------+-------+
| Total control sets                                       |     8 |
|    Minimum number of control sets                        |     8 |
|    Addition due to synthesis replication                 |     0 |
|    Addition due to physical synthesis replication        |     0 |
| Unused register locations in slices containing registers |    40 |
+----------------------------------------------------------+-------+
* Control sets can be merged at opt_design using control_set_merge or merge_equivalent_drivers
** Run report_qor_suggestions for automated merging and remapping suggestions


2. Histogram
------------

+--------------------+-------+
|       Fanout       | Count |
+--------------------+-------+
| Total control sets |     8 |
| >= 0 to < 4        |     2 |
| >= 4 to < 6        |     4 |
| >= 6 to < 8        |     0 |
| >= 8 to < 10       |     0 |
| >= 10 to < 12      |     1 |
| >= 12 to < 14      |     0 |
| >= 14 to < 16      |     0 |
| >= 16              |     1 |
+--------------------+-------+
* Control sets can be remapped at either synth_design or opt_design


3. Flip-Flop Distribution
-------------------------

+--------------+-----------------------+------------------------+-----------------+--------------+
| Clock Enable | Synchronous Set/Reset | Asynchronous Set/Reset | Total Registers | Total Slices |
+--------------+-----------------------+------------------------+-----------------+--------------+
| No           | No                    | No                     |              15 |            8 |
| No           | No                    | Yes                    |               0 |            0 |
| No           | Yes                   | No                     |              25 |            7 |
| Yes          | No                    | No                     |               8 |            2 |
| Yes          | No                    | Yes                    |               8 |            2 |
| Yes          | Yes                   | No                     |               0 |            0 |
+--------------+-----------------------+------------------------+-----------------+--------------+


4. Detailed Control Set Information
-----------------------------------

+----------------+-------------------------+----------------------+------------------+----------------+--------------+
|  Clock Signal  |      Enable Signal      |   Set/Reset Signal   | Slice Load Count | Bel Load Count | Bels / Slice |
+----------------+-------------------------+----------------------+------------------+----------------+--------------+
|  myclk/CLK     |                         |                      |                2 |              2 |         1.00 |
|  sd/clk1       |                         |                      |                1 |              2 |         2.00 |
|  myclk/CLK     | m/m1/b[3]_i_1__1_n_0    | m/m1/b[3]_i_3__0_n_0 |                1 |              4 |         4.00 |
|  myclk/CLK     | m/m0__0/b[3]_i_1__2_n_0 |                      |                1 |              4 |         4.00 |
|  myclk/CLK     | s/s0/b[3]_i_1__0_n_0    |                      |                1 |              4 |         4.00 |
|  myclk/CLK     | s/s1/b[3]_i_1_n_0       | s/s1/clr0            |                1 |              4 |         4.00 |
|  clk_IBUF_BUFG |                         |                      |                5 |             11 |         2.20 |
|  clk_IBUF_BUFG |                         | myclk/clkout         |                7 |             25 |         3.57 |
+----------------+-------------------------+----------------------+------------------+----------------+--------------+


